
> bajwadev@0.1.0 dev
> next dev

â–² Next.js 16.1.6 (Turbopack)
- Local:         http://localhost:3000
- Network:       http://192.168.18.36:3000

âœ“ Starting...
âœ“ Ready in 567ms
 GET / 200 in 2.2s (compile: 1930ms, render: 304ms)
 GET / 200 in 147ms (compile: 30ms, render: 116ms)
 GET /manifest.webmanifest 200 in 661ms (compile: 651ms, render: 10ms)
 GET /icon.png 404 in 406ms (compile: 361ms, render: 45ms)
â¨¯ The requested resource isn't a valid image for /icon.png received null
 GET /icon.png 404 in 54ms (compile: 5ms, render: 49ms)
 GET /icon?c179691b342aae59 200 in 476ms
 GET /manifest.webmanifest 200 in 8ms (compile: 2ms, render: 6ms)
 GET /icon.png 404 in 38ms (compile: 9ms, render: 30ms)
â¨¯ The requested resource isn't a valid image for /icon.png received null
 GET / 200 in 218ms (compile: 7ms, render: 211ms)
 GET /icon?c179691b342aae59 200 in 14ms
 GET /icon.png 404 in 26ms (compile: 3ms, render: 23ms)
 GET / 200 in 49ms (compile: 10ms, render: 40ms)
 GET /manifest.webmanifest 200 in 7ms (compile: 1914Âµs, render: 5ms)
 GET /icon?c179691b342aae59 200 in 19ms
 GET /icon?c179691b342aae59 200 in 9ms
 GET /icon.png 404 in 41ms (compile: 20ms, render: 21ms)
âœ“ Compiled in 171ms
âœ“ Compiled in 87ms
 GET / 200 in 595ms (compile: 353ms, render: 242ms)
 GET /manifest.webmanifest 200 in 26ms (compile: 16ms, render: 10ms)
 GET /icon.png 404 in 165ms (compile: 79ms, render: 85ms)
 GET / 200 in 98ms (compile: 14ms, render: 85ms)
 GET /manifest.webmanifest 200 in 6ms (compile: 4ms, render: 3ms)
 GET /icon.png 404 in 23ms (compile: 5ms, render: 18ms)
 GET / 200 in 33ms (compile: 4ms, render: 29ms)
 GET /manifest.webmanifest 200 in 9ms (compile: 6ms, render: 3ms)
 GET /icon.png 404 in 23ms (compile: 1643Âµs, render: 21ms)
 GET /product 200 in 915ms (compile: 893ms, render: 22ms)
 GET /manifest.webmanifest 200 in 41ms (compile: 15ms, render: 26ms)
 GET /icon.png 404 in 61ms (compile: 4ms, render: 57ms)
 GET /about 200 in 399ms (compile: 369ms, render: 30ms)
 GET /manifest.webmanifest 200 in 12ms (compile: 5ms, render: 7ms)
 GET /icon.png 404 in 38ms (compile: 10ms, render: 28ms)
âœ“ Compiled in 253ms
âœ“ Compiled in 808ms
âœ“ Compiled in 200ms
âœ“ Compiled in 64ms
âœ“ Compiled in 431ms
âœ“ Compiled in 244ms
âœ“ Compiled in 89ms
âœ“ Compiled in 52ms
âœ“ Compiled in 48ms
âœ“ Compiled in 80ms
âœ“ Compiled in 187ms
âœ“ Compiled in 143ms
âœ“ Compiled in 191ms
âœ“ Compiled in 337ms
Image with src "/hero-bg-4k.png" is using quality "90" which is not configured in images.qualities [75, 85, 95, 100]. Please update your config to [100, 75, 85, 90, 95].
Read more: https://nextjs.org/docs/messages/next-image-unconfigured-qualities
 GET / 200 in 2.1s (compile: 1322ms, render: 734ms)
 GET /manifest.webmanifest 200 in 25ms (compile: 21ms, render: 4ms)
 GET /icon.png 404 in 191ms (compile: 115ms, render: 76ms)
 GET / 200 in 755ms (compile: 327ms, render: 428ms)
 GET /manifest.webmanifest 200 in 18ms (compile: 14ms, render: 4ms)
 GET /icon.png 404 in 53ms (compile: 19ms, render: 33ms)
 GET /about 200 in 907ms (compile: 743ms, render: 164ms)
 GET /manifest.webmanifest 200 in 33ms (compile: 3ms, render: 30ms)
 GET /icon.png 404 in 41ms (compile: 13ms, render: 28ms)
 GET /product 200 in 156ms (compile: 131ms, render: 25ms)
 GET /manifest.webmanifest 200 in 13ms (compile: 8ms, render: 5ms)
 GET /icon.png 404 in 60ms (compile: 5ms, render: 55ms)
 GET / 200 in 74ms (compile: 21ms, render: 53ms)
 GET /manifest.webmanifest 200 in 15ms (compile: 8ms, render: 7ms)
 GET /icon.png 404 in 35ms (compile: 7ms, render: 29ms)
 GET /product 200 in 43ms (compile: 11ms, render: 32ms)
 GET /manifest.webmanifest 200 in 41ms (compile: 10ms, render: 31ms)
 GET /icon.png 404 in 50ms (compile: 16ms, render: 33ms)
 GET / 200 in 43ms (compile: 8ms, render: 35ms)
 GET /manifest.webmanifest 200 in 24ms (compile: 6ms, render: 18ms)
 GET /icon.png 404 in 40ms (compile: 4ms, render: 35ms)
âœ“ Compiled in 417ms
 GET / 200 in 190ms (compile: 120ms, render: 70ms)
 GET /manifest.webmanifest 200 in 10ms (compile: 6ms, render: 4ms)
 GET /icon.png 404 in 29ms (compile: 1555Âµs, render: 27ms)
âœ“ Compiled in 625ms
 GET / 200 in 770ms (compile: 17ms, render: 753ms)
 GET /manifest.webmanifest 200 in 24ms (compile: 7ms, render: 17ms)
âœ“ Compiled in 2ms
 GET /about 200 in 532ms (compile: 473ms, render: 59ms)
 GET /icon.png 404 in 123ms (compile: 44ms, render: 79ms)
 GET /manifest.webmanifest 200 in 14ms (compile: 7ms, render: 7ms)
 GET /icon.png 404 in 165ms (compile: 22ms, render: 143ms)
 GET /product 200 in 103ms (compile: 36ms, render: 67ms)
 GET /manifest.webmanifest 200 in 15ms (compile: 5ms, render: 10ms)
 GET /icon.png 404 in 59ms (compile: 14ms, render: 46ms)
 GET /blog 200 in 2.1s (compile: 1978ms, render: 120ms)
 GET /manifest.webmanifest 200 in 6ms (compile: 3ms, render: 4ms)
 GET /icon.png 404 in 32ms (compile: 3ms, render: 29ms)
 GET /blog 200 in 47ms (compile: 7ms, render: 39ms)
 GET /manifest.webmanifest 200 in 6ms (compile: 3ms, render: 2ms)
 GET /icon.png 404 in 23ms (compile: 1620Âµs, render: 21ms)
 GET / 200 in 44ms (compile: 7ms, render: 36ms)
 GET /manifest.webmanifest 200 in 10ms (compile: 1711Âµs, render: 8ms)
 GET /icon.png 404 in 44ms (compile: 3ms, render: 41ms)
Image with src "/hero-bg-4k.png" is using quality "90" which is not configured in images.qualities [75, 85, 95, 100]. Please update your config to [100, 75, 85, 90, 95].
Read more: https://nextjs.org/docs/messages/next-image-unconfigured-qualities
 GET / 200 in 398ms (compile: 36ms, render: 362ms)
 GET /manifest.webmanifest 200 in 9ms (compile: 4ms, render: 4ms)
 GET /icon.png 404 in 337ms (compile: 59ms, render: 277ms)
 GET /about 200 in 125ms (compile: 50ms, render: 75ms)
 GET /manifest.webmanifest 200 in 8ms (compile: 5ms, render: 4ms)
 GET /icon.png 404 in 30ms (compile: 4ms, render: 25ms)
 GET /product 200 in 116ms (compile: 74ms, render: 43ms)
 GET /manifest.webmanifest 200 in 19ms (compile: 10ms, render: 9ms)
 GET /icon.png 404 in 37ms (compile: 4ms, render: 33ms)
 GET / 200 in 79ms (compile: 15ms, render: 64ms)
 GET /manifest.webmanifest 200 in 12ms (compile: 9ms, render: 3ms)
 GET /icon.png 404 in 31ms (compile: 7ms, render: 24ms)
 GET / 200 in 214ms (compile: 44ms, render: 171ms)
 GET /manifest.webmanifest 200 in 23ms (compile: 1932Âµs, render: 21ms)
 GET /icon?c179691b342aae59 200 in 101ms
 GET /icon.png 404 in 108ms (compile: 3ms, render: 106ms)
 GET /about 200 in 192ms (compile: 28ms, render: 165ms)
 GET /manifest.webmanifest 200 in 8ms (compile: 5ms, render: 3ms)
 GET /icon.png 404 in 25ms (compile: 5ms, render: 20ms)
 GET /product 200 in 57ms (compile: 16ms, render: 41ms)
 GET /manifest.webmanifest 200 in 35ms (compile: 9ms, render: 26ms)
 GET /icon.png 404 in 78ms (compile: 10ms, render: 68ms)
 GET /blog 200 in 150ms (compile: 104ms, render: 47ms)
 GET /manifest.webmanifest 200 in 7ms (compile: 4ms, render: 3ms)
 GET /icon.png 404 in 43ms (compile: 3ms, render: 40ms)
 GET / 200 in 47ms (compile: 11ms, render: 37ms)
 GET /manifest.webmanifest 200 in 8ms (compile: 4ms, render: 4ms)
 GET /icon.png 404 in 28ms (compile: 2ms, render: 25ms)
âœ“ Compiled in 517ms
 GET / 200 in 920ms (compile: 669ms, render: 252ms)
 GET / 200 in 119ms (compile: 3ms, render: 116ms)
 GET / 200 in 87ms (compile: 3ms, render: 84ms)
 GET /manifest.webmanifest 200 in 22ms (compile: 12ms, render: 9ms)
 GET /icon.png 404 in 73ms (compile: 36ms, render: 37ms)
 GET / 200 in 217ms (compile: 97ms, render: 120ms)
 GET / 200 in 45ms (compile: 3ms, render: 42ms)
 GET /manifest.webmanifest 200 in 7ms (compile: 3ms, render: 3ms)
 GET /icon.png 404 in 61ms (compile: 13ms, render: 48ms)
âœ“ Compiled in 136ms
 GET / 200 in 64ms (compile: 5ms, render: 59ms)
 GET / 200 in 28ms (compile: 1138Âµs, render: 27ms)
 GET /manifest.webmanifest 200 in 13ms (compile: 3ms, render: 10ms)
 GET /icon.png 404 in 60ms (compile: 5ms, render: 55ms)
âœ“ Compiled in 319ms
 GET / 200 in 277ms (compile: 176ms, render: 101ms)
 GET /manifest.webmanifest 200 in 16ms (compile: 7ms, render: 9ms)
 GET /icon.png 404 in 52ms (compile: 11ms, render: 42ms)
 GET / 200 in 162ms (compile: 91ms, render: 70ms)
 GET /manifest.webmanifest 200 in 13ms (compile: 6ms, render: 7ms)
 GET /icon.png 404 in 30ms (compile: 5ms, render: 25ms)
 GET / 200 in 129ms (compile: 71ms, render: 58ms)
 GET /manifest.webmanifest 200 in 10ms (compile: 4ms, render: 6ms)
 GET /icon.png 404 in 35ms (compile: 6ms, render: 29ms)
 GET / 200 in 161ms (compile: 84ms, render: 76ms)
 GET /manifest.webmanifest 200 in 15ms (compile: 12ms, render: 3ms)
 GET /icon.png 404 in 52ms (compile: 17ms, render: 36ms)
âœ“ Compiled in 120ms
 GET / 200 in 75ms (compile: 5ms, render: 70ms)
 GET /manifest.webmanifest 200 in 25ms (compile: 8ms, render: 16ms)
 GET /icon.png 404 in 124ms (compile: 15ms, render: 109ms)
âœ“ Compiled in 153ms
 GET / 200 in 253ms (compile: 110ms, render: 143ms)
 GET /manifest.webmanifest 200 in 13ms (compile: 6ms, render: 8ms)
 GET /icon.png 404 in 41ms (compile: 15ms, render: 26ms)
âœ“ Compiled in 68ms
 GET / 200 in 44ms (compile: 9ms, render: 35ms)
 GET /manifest.webmanifest 200 in 18ms (compile: 11ms, render: 7ms)
 GET /icon.png 404 in 34ms (compile: 1614Âµs, render: 33ms)
âœ“ Compiled in 110ms
 GET / 200 in 129ms (compile: 85ms, render: 44ms)
 GET /manifest.webmanifest 200 in 16ms (compile: 2ms, render: 14ms)
 GET /icon.png 404 in 57ms (compile: 7ms, render: 50ms)
âœ“ Compiled in 89ms
 GET / 200 in 156ms (compile: 102ms, render: 54ms)
 GET /manifest.webmanifest 200 in 17ms (compile: 7ms, render: 11ms)
 GET /icon.png 404 in 65ms (compile: 18ms, render: 48ms)
Persisting failed: Unable to write SST file 00000368.sst

Caused by:
    No such file or directory (os error 2)
â¨¯ Error: ENOENT: no such file or directory, open '/Users/shahzebbajwa/Documents/bajwadev/.next/dev/server/app/page/build-manifest.json'
    at ignore-listed frames {
  errno: -2,
  code: 'ENOENT',
  syscall: 'open',
  path: '/Users/shahzebbajwa/Documents/bajwadev/.next/dev/server/app/page/build-manifest.json'
}

thread 'tokio-runtime-worker' (11258997) panicked at /Users/geist/dev/actions-runner/_work/next.js/next.js/turbopack/crates/turbo-tasks-backend/src/backend/operation/mod.rs:156:17:
Failed to restore task data (corrupted database or bug): Meta for get_next_client_import_map (TaskId 141285))

Caused by:
    0: Looking up data for TaskId 141285 from database failed
    1: Unable to open static sorted file referenced from 00000360.meta
    2: Unable to open static sorted file 00000356.sst
    3: No such file or directory (os error 2)
note: run with `RUST_BACKTRACE=1` environment variable to display a backtrace

thread 'tokio-runtime-worker' (11258997) panicked at /Users/geist/dev/actions-runner/_work/next.js/next.js/turbopack/crates/turbo-tasks-backend/src/backend/operation/mod.rs:156:17:
Failed to restore task data (corrupted database or bug): Meta for NextRootParamsMapper::new (TaskId 141287))

Caused by:
    0: Looking up data for TaskId 141287 from database failed
    1: Unable to open static sorted file referenced from 00000336.meta
    2: Unable to open static sorted file 00000332.sst
    3: No such file or directory (os error 2)

-----
[1m[31mFATAL[39m[0m: An unexpected Turbopack error occurred. A panic log has been written to /var/folders/_j/b9d7x20939g_jnsgmvbr9c_40000gn/T/next-panic-766a5263b3ed1ffdc0933d3c046e118e.log.

To help make Turbopack better, report this error by ]8;;https://github.com/vercel/next.js/discussions/new?category=turbopack-error-report&title=Turbopack%20Error%3A%20Failed%20to%20write%20page%20endpoint%20%2F_app&body=Turbopack%20version%3A%20%6023c464985%60%0ANext.js%20version%3A%20%600.0.0%60%0A%0AError%20message%3A%0A%60%60%60%0AFailed%20to%20write%20page%20endpoint%20%2F_app%0A%0ACaused%20by%3A%0A-%20content%20is%20not%20available%20as%20task%20execution%20failed%0A-%20content%20is%20not%20available%20as%20task%20execution%20failed%0A-%20Failed%20to%20restore%20task%20data%20%28corrupted%20database%20or%20bug%29%3A%20Meta%20for%20get_next_client_import_map%20%28TaskId%20141285%29%29%0A%0ADebug%20info%3A%0A-%20Execution%20of%20get_written_endpoint_with_issues_operation%20failed%0A-%20Execution%20of%20endpoint_write_to_disk%20failed%0A-%20Execution%20of%20%3CPageEndpoint%20as%20Endpoint%3E%3A%3Aoutput%20failed%0A-%20Failed%20to%20write%20page%20endpoint%20%2F_app%0A-%20Execution%20of%20PageEndpoint%3A%3Aoutput%20failed%0A-%20Execution%20of%20%2AChunkGroupResult%3A%3Aall_assets%20failed%0A-%20Execution%20of%20PageEndpoint%3A%3Aclient_chunk_group%20failed%0A-%20Execution%20of%20PageEndpoint%3A%3Aclient_evaluatable_assets%20failed%0A-%20content%20is%20not%20available%20as%20task%20execution%20failed%0A-%20Execution%20of%20PageEndpoint%3A%3Aclient_module%20failed%0A-%20content%20is%20not%20available%20as%20task%20execution%20failed%0A-%20Execution%20of%20%2Acreate_page_loader_entry_module%20failed%0A-%20Execution%20of%20PagesProject%3A%3Aclient_module_context%20failed%0A-%20Execution%20of%20%2AModuleAssetContext%3A%3Anew%20failed%0A-%20Execution%20of%20get_client_module_options_context%20failed%0A-%20Execution%20of%20%2Aget_jsx_transform_options%20failed%0A-%20Execution%20of%20get_client_resolve_options_context%20failed%0A-%20Failed%20to%20restore%20task%20data%20%28corrupted%20database%20or%20bug%29%3A%20Meta%20for%20get_next_client_import_map%20%28TaskId%20141285%29%29%0A%20%20%0A%20%20Caused%20by%3A%0A%20%20%20%20%20%200%3A%20Looking%20up%20data%20for%20TaskId%20141285%20from%20database%20failed%0A%20%20%20%20%20%201%3A%20Unable%20to%20open%20static%20sorted%20file%20referenced%20from%2000000360.meta%0A%20%20%20%20%20%202%3A%20Unable%20to%20open%20static%20sorted%20file%2000000356.sst%0A%20%20%20%20%20%203%3A%20No%20such%20file%20or%20directory%20%28os%20error%202%29%0A%60%60%60&labels=Turbopack,Turbopack%20Panic%20Backtrace\clicking here.]8;;\
-----

â¨¯ Error [TurbopackInternalError]: Failed to write page endpoint /_app

Caused by:
- content is not available as task execution failed
- content is not available as task execution failed
- Failed to restore task data (corrupted database or bug): Meta for get_next_client_import_map (TaskId 141285))

Debug info:
- Execution of get_written_endpoint_with_issues_operation failed
- Execution of endpoint_write_to_disk failed
- Execution of <PageEndpoint as Endpoint>::output failed
- Failed to write page endpoint /_app
- Execution of PageEndpoint::output failed
- Execution of *ChunkGroupResult::all_assets failed
- Execution of PageEndpoint::client_chunk_group failed
- Execution of PageEndpoint::client_evaluatable_assets failed
- content is not available as task execution failed
- Execution of PageEndpoint::client_module failed
- content is not available as task execution failed
- Execution of *create_page_loader_entry_module failed
- Execution of PagesProject::client_module_context failed
- Execution of *ModuleAssetContext::new failed
- Execution of get_client_module_options_context failed
- Execution of *get_jsx_transform_options failed
- Execution of get_client_resolve_options_context failed
- Failed to restore task data (corrupted database or bug): Meta for get_next_client_import_map (TaskId 141285))
  
  Caused by:
      0: Looking up data for TaskId 141285 from database failed
      1: Unable to open static sorted file referenced from 00000360.meta
      2: Unable to open static sorted file 00000356.sst
      3: No such file or directory (os error 2)
    at <unknown> (TurbopackInternalError: Failed to write page endpoint /_app) {
  location: '/Users/geist/dev/actions-runner/_work/next.js/next.js/turbopack/crates/turbo-tasks-backend/src/backend/operation/mod.rs:156:17'
}
Error: ENOENT: no such file or directory, open '/Users/shahzebbajwa/Documents/bajwadev/.next/dev/server/app/page/build-manifest.json'
    at ignore-listed frames {
  errno: -2,
  code: 'ENOENT',
  syscall: 'open',
  path: '/Users/shahzebbajwa/Documents/bajwadev/.next/dev/server/app/page/build-manifest.json'
}
â¨¯ Error [TurbopackInternalError]: Failed to write page endpoint /_app

Caused by:
- content is not available as task execution failed
- content is not available as task execution failed
- Failed to restore task data (corrupted database or bug): Meta for get_next_client_import_map (TaskId 141285))

Debug info:
- Execution of get_written_endpoint_with_issues_operation failed
- Execution of endpoint_write_to_disk failed
- Execution of <PageEndpoint as Endpoint>::output failed
- Failed to write page endpoint /_app
- Execution of PageEndpoint::output failed
- Execution of *ChunkGroupResult::all_assets failed
- Execution of PageEndpoint::client_chunk_group failed
- Execution of PageEndpoint::client_evaluatable_assets failed
- content is not available as task execution failed
- Execution of PageEndpoint::client_module failed
- content is not available as task execution failed
- Execution of *create_page_loader_entry_module failed
- Execution of PagesProject::client_module_context failed
- Execution of *ModuleAssetContext::new failed
- Execution of get_client_module_options_context failed
- Execution of *get_jsx_transform_options failed
- Execution of get_client_resolve_options_context failed
- Failed to restore task data (corrupted database or bug): Meta for get_next_client_import_map (TaskId 141285))
  
  Caused by:
      0: Looking up data for TaskId 141285 from database failed
      1: Unable to open static sorted file referenced from 00000360.meta
      2: Unable to open static sorted file 00000356.sst
      3: No such file or directory (os error 2)
    at <unknown> (TurbopackInternalError: Failed to write page endpoint /_app) {
  location: '/Users/geist/dev/actions-runner/_work/next.js/next.js/turbopack/crates/turbo-tasks-backend/src/backend/operation/mod.rs:156:17'
}
Error [TurbopackInternalError]: Failed to write page endpoint /_app

Caused by:
- content is not available as task execution failed
- content is not available as task execution failed
- Failed to restore task data (corrupted database or bug): Meta for get_next_client_import_map (TaskId 141285))

Debug info:
- Execution of get_written_endpoint_with_issues_operation failed
- Execution of endpoint_write_to_disk failed
- Execution of <PageEndpoint as Endpoint>::output failed
- Failed to write page endpoint /_app
- Execution of PageEndpoint::output failed
- Execution of *ChunkGroupResult::all_assets failed
- Execution of PageEndpoint::client_chunk_group failed
- Execution of PageEndpoint::client_evaluatable_assets failed
- content is not available as task execution failed
- Execution of PageEndpoint::client_module failed
- content is not available as task execution failed
- Execution of *create_page_loader_entry_module failed
- Execution of PagesProject::client_module_context failed
- Execution of *ModuleAssetContext::new failed
- Execution of get_client_module_options_context failed
- Execution of *get_jsx_transform_options failed
- Execution of get_client_resolve_options_context failed
- Failed to restore task data (corrupted database or bug): Meta for get_next_client_import_map (TaskId 141285))
  
  Caused by:
      0: Looking up data for TaskId 141285 from database failed
      1: Unable to open static sorted file referenced from 00000360.meta
      2: Unable to open static sorted file 00000356.sst
      3: No such file or directory (os error 2)
    at <unknown> (TurbopackInternalError: Failed to write page endpoint /_app) {
  location: '/Users/geist/dev/actions-runner/_work/next.js/next.js/turbopack/crates/turbo-tasks-backend/src/backend/operation/mod.rs:156:17'
}
â¨¯ Error: ENOENT: no such file or directory, open '/Users/shahzebbajwa/Documents/bajwadev/.next/dev/server/app/page/build-manifest.json'
    at ignore-listed frames {
  errno: -2,
  code: 'ENOENT',
  syscall: 'open',
  path: '/Users/shahzebbajwa/Documents/bajwadev/.next/dev/server/app/page/build-manifest.json'
}
â¨¯ Error [TurbopackInternalError]: Failed to write page endpoint /_app

Caused by:
- content is not available as task execution failed
- content is not available as task execution failed
- Failed to restore task data (corrupted database or bug): Meta for get_next_client_import_map (TaskId 141285))

Debug info:
- Execution of get_written_endpoint_with_issues_operation failed
- Execution of endpoint_write_to_disk failed
- Execution of <PageEndpoint as Endpoint>::output failed
- Failed to write page endpoint /_app
- Execution of PageEndpoint::output failed
- Execution of *ChunkGroupResult::all_assets failed
- Execution of PageEndpoint::client_chunk_group failed
- Execution of PageEndpoint::client_evaluatable_assets failed
- content is not available as task execution failed
- Execution of PageEndpoint::client_module failed
- content is not available as task execution failed
- Execution of *create_page_loader_entry_module failed
- Execution of PagesProject::client_module_context failed
- Execution of *ModuleAssetContext::new failed
- Execution of get_client_module_options_context failed
- Execution of *get_jsx_transform_options failed
- Execution of get_client_resolve_options_context failed
- Failed to restore task data (corrupted database or bug): Meta for get_next_client_import_map (TaskId 141285))
  
  Caused by:
      0: Looking up data for TaskId 141285 from database failed
      1: Unable to open static sorted file referenced from 00000360.meta
      2: Unable to open static sorted file 00000356.sst
      3: No such file or directory (os error 2)
    at <unknown> (TurbopackInternalError: Failed to write page endpoint /_app) {
  location: '/Users/geist/dev/actions-runner/_work/next.js/next.js/turbopack/crates/turbo-tasks-backend/src/backend/operation/mod.rs:156:17'
}
Error: ENOENT: no such file or directory, open '/Users/shahzebbajwa/Documents/bajwadev/.next/dev/server/app/page/build-manifest.json'
    at ignore-listed frames {
  errno: -2,
  code: 'ENOENT',
  syscall: 'open',
  path: '/Users/shahzebbajwa/Documents/bajwadev/.next/dev/server/app/page/build-manifest.json'
}
â¨¯ Error [TurbopackInternalError]: Failed to write page endpoint /_app

Caused by:
- content is not available as task execution failed
- content is not available as task execution failed
- Failed to restore task data (corrupted database or bug): Meta for get_next_client_import_map (TaskId 141285))

Debug info:
- Execution of get_written_endpoint_with_issues_operation failed
- Execution of endpoint_write_to_disk failed
- Execution of <PageEndpoint as Endpoint>::output failed
- Failed to write page endpoint /_app
- Execution of PageEndpoint::output failed
- Execution of *ChunkGroupResult::all_assets failed
- Execution of PageEndpoint::client_chunk_group failed
- Execution of PageEndpoint::client_evaluatable_assets failed
- content is not available as task execution failed
- Execution of PageEndpoint::client_module failed
- content is not available as task execution failed
- Execution of *create_page_loader_entry_module failed
- Execution of PagesProject::client_module_context failed
- Execution of *ModuleAssetContext::new failed
- Execution of get_client_module_options_context failed
- Execution of *get_jsx_transform_options failed
- Execution of get_client_resolve_options_context failed
- Failed to restore task data (corrupted database or bug): Meta for get_next_client_import_map (TaskId 141285))
  
  Caused by:
      0: Looking up data for TaskId 141285 from database failed
      1: Unable to open static sorted file referenced from 00000360.meta
      2: Unable to open static sorted file 00000356.sst
      3: No such file or directory (os error 2)
    at <unknown> (TurbopackInternalError: Failed to write page endpoint /_app) {
  location: '/Users/geist/dev/actions-runner/_work/next.js/next.js/turbopack/crates/turbo-tasks-backend/src/backend/operation/mod.rs:156:17'
}
Error [TurbopackInternalError]: Failed to write page endpoint /_app

Caused by:
- content is not available as task execution failed
- content is not available as task execution failed
- Failed to restore task data (corrupted database or bug): Meta for get_next_client_import_map (TaskId 141285))

Debug info:
- Execution of get_written_endpoint_with_issues_operation failed
- Execution of endpoint_write_to_disk failed
- Execution of <PageEndpoint as Endpoint>::output failed
- Failed to write page endpoint /_app
- Execution of PageEndpoint::output failed
- Execution of *ChunkGroupResult::all_assets failed
- Execution of PageEndpoint::client_chunk_group failed
- Execution of PageEndpoint::client_evaluatable_assets failed
- content is not available as task execution failed
- Execution of PageEndpoint::client_module failed
- content is not available as task execution failed
- Execution of *create_page_loader_entry_module failed
- Execution of PagesProject::client_module_context failed
- Execution of *ModuleAssetContext::new failed
- Execution of get_client_module_options_context failed
- Execution of *get_jsx_transform_options failed
- Execution of get_client_resolve_options_context failed
- Failed to restore task data (corrupted database or bug): Meta for get_next_client_import_map (TaskId 141285))
  
  Caused by:
      0: Looking up data for TaskId 141285 from database failed
      1: Unable to open static sorted file referenced from 00000360.meta
      2: Unable to open static sorted file 00000356.sst
      3: No such file or directory (os error 2)
    at <unknown> (TurbopackInternalError: Failed to write page endpoint /_app) {
  location: '/Users/geist/dev/actions-runner/_work/next.js/next.js/turbopack/crates/turbo-tasks-backend/src/backend/operation/mod.rs:156:17'
}
Persisting failed: Another write batch or compaction is already active (Only a single write operations is allowed at a time)
[?25h
